\BOOKMARK [0][-]{Doc-Start}{Introduction}{}% 1
\BOOKMARK [-1][-]{chapter*.1}{Part 1}{}% 2
\BOOKMARK [0][-]{chapter.1.1}{Zermelo-Fraenkel Set Theory}{chapter*.1}% 3
\BOOKMARK [1][-]{section.1.1.1}{Necessary Logical Prerequisites}{chapter.1.1}% 4
\BOOKMARK [1][-]{section.1.1.2}{The Axioms of ZF Set Theory}{chapter.1.1}% 5
\BOOKMARK [1][-]{section.1.1.3}{The Algebra of Sets}{chapter.1.1}% 6
\BOOKMARK [1][-]{section.1.1.4}{Further results}{chapter.1.1}% 7
\BOOKMARK [-1][-]{prf.16}{Part 2}{}% 8
\BOOKMARK [0][-]{chapter.2.1}{Relations, Orders, and Maps}{prf.16}% 9
\BOOKMARK [1][-]{section.2.1.1}{Ordered Pairs and Product Sets}{chapter.2.1}% 10
\BOOKMARK [-1][-]{thm.2.1.5}{Appendices}{}% 11
\BOOKMARK [0][-]{chapter.3.1}{Biographies}{thm.2.1.5}% 12
\BOOKMARK [1][-]{section.3.1.1}{J\341nos Bolyai \(1902 - 1860\)}{chapter.3.1}% 13
\BOOKMARK [1][-]{section.3.1.2}{Ren\351 Descartes \(1596 - 1650\)}{chapter.3.1}% 14
\BOOKMARK [1][-]{section.3.1.3}{Euclid of Alexandria \(c300bce\)}{chapter.3.1}% 15
\BOOKMARK [1][-]{section.3.1.4}{Abraham Fraenkel \(1891 - 1965\)}{chapter.3.1}% 16
\BOOKMARK [1][-]{section.3.1.5}{Carl Friedrich Gauss \(1777 - 1855\)}{chapter.3.1}% 17
\BOOKMARK [1][-]{section.3.1.6}{Gerhard Gentzen \(1909 - 1945\)}{chapter.3.1}% 18
\BOOKMARK [1][-]{section.3.1.7}{Kazimierz Kuratowski \(1896 - 1980\)}{chapter.3.1}% 19
\BOOKMARK [1][-]{section.3.1.8}{Nikolai Lobachevsky \(1792 - 1856\)}{chapter.3.1}% 20
\BOOKMARK [1][-]{section.3.1.9}{Isaac Newton \(1642 - 1726\)}{chapter.3.1}% 21
\BOOKMARK [1][-]{section.3.1.10}{Bertrand Russell \(1872 - 1970\)}{chapter.3.1}% 22
\BOOKMARK [1][-]{section.3.1.11}{Norbert Wiener \(1894 - 1964\)}{chapter.3.1}% 23
\BOOKMARK [1][-]{section.3.1.12}{Ernst Zermelo \(1871 - 1953\)}{chapter.3.1}% 24
\BOOKMARK [0][-]{chapter.3.2}{Exercises}{thm.2.1.5}% 25
\BOOKMARK [1][-]{section.3.2.1}{Chapter 1A}{chapter.3.2}% 26
\BOOKMARK [2][-]{subsection.3.2.1.1}{Section 1A.1}{section.3.2.1}% 27
\BOOKMARK [0][-]{chapter.3.3}{Answers for the Exercises}{thm.2.1.5}% 28
\BOOKMARK [1][-]{section.3.3.1}{Chapter 1A}{chapter.3.3}% 29
\BOOKMARK [2][-]{subsection.3.3.1.1}{Section 1A.1}{section.3.3.1}% 30
\BOOKMARK [-1][-]{chapter*.5}{Bibliography}{}% 31
